2025-09-08 01:11:28,124 - PostProcessor - INFO - scan_and_match_files:126 - 开始扫描文件夹: dataset/sex
2025-09-08 01:11:28,125 - PostProcessor - INFO - scan_and_match_files:175 - 扫描完成: 图片文件 9 个, 配对文件 9 个, 未配对图片 0 个, 未配对文本 1 个
2025-09-08 01:11:28,125 - PostProcessor - INFO - standardize_tags:395 - 开始标准化标签文件
2025-09-08 01:11:28,164 - PostProcessor - INFO - standardize_tags:424 - 成功标准化 9 个标签文件
2025-09-08 01:11:45,349 - PostProcessor - INFO - scan_and_match_files:126 - 开始扫描文件夹: dataset/sex
2025-09-08 01:11:45,350 - PostProcessor - INFO - scan_and_match_files:175 - 扫描完成: 图片文件 9 个, 配对文件 9 个, 未配对图片 0 个, 未配对文本 1 个
2025-09-08 01:11:45,350 - PostProcessor - INFO - standardize_tags:395 - 开始标准化标签文件
2025-09-08 01:11:45,383 - PostProcessor - INFO - standardize_tags:424 - 成功标准化 9 个标签文件
2025-09-08 02:39:02,309 - PostProcessor - INFO - scan_and_match_files:126 - 开始扫描文件夹: dataset/1girl
2025-09-08 02:39:02,310 - PostProcessor - INFO - scan_and_match_files:175 - 扫描完成: 图片文件 15 个, 配对文件 15 个, 未配对图片 0 个, 未配对文本 0 个
2025-09-08 02:39:02,310 - PostProcessor - INFO - standardize_tags:395 - 开始标准化标签文件
2025-09-08 02:39:02,371 - PostProcessor - INFO - standardize_tags:424 - 成功标准化 15 个标签文件
2025-09-11 10:30:08,718 - PostProcessor - INFO - scan_and_match_files:126 - 开始扫描文件夹: dataset/sex
2025-09-11 10:30:08,718 - PostProcessor - INFO - scan_and_match_files:175 - 扫描完成: 图片文件 5 个, 配对文件 5 个, 未配对图片 0 个, 未配对文本 0 个
2025-09-11 10:30:08,718 - PostProcessor - INFO - standardize_tags:395 - 开始标准化标签文件
2025-09-11 10:30:08,743 - PostProcessor - INFO - standardize_tags:424 - 成功标准化 5 个标签文件
2026-02-19 20:54:55,854 - PostProcessor - INFO - scan_and_match_files:126 - 开始扫描文件夹: dataset/1boy
2026-02-19 20:54:55,856 - PostProcessor - INFO - scan_and_match_files:175 - 扫描完成: 图片文件 50 个, 配对文件 50 个, 未配对图片 0 个, 未配对文本 0 个
2026-02-19 20:54:55,856 - PostProcessor - INFO - standardize_tags:395 - 开始标准化标签文件
2026-02-19 20:54:55,876 - PostProcessor - INFO - standardize_tags:424 - 成功标准化 50 个标签文件
